{"/Users/jherri1/tmp/component-scan/src/scanner.js":{"path":"/Users/jherri1/tmp/component-scan/src/scanner.js","s":{"1":1,"2":1,"3":1,"4":1,"5":1,"6":1,"7":1,"8":58,"9":58,"10":5,"11":5,"12":5,"13":5,"14":5,"15":5,"16":5,"17":53,"18":5,"19":5,"20":3,"21":2,"22":2,"23":1,"24":2,"25":48,"26":8,"27":8,"28":5,"29":8,"30":2,"31":2,"32":40,"33":3,"34":2,"35":3,"36":37,"37":4,"38":2,"39":2,"40":33,"41":58,"42":1,"43":2,"44":1,"45":1,"46":1,"47":0,"48":0,"49":0,"50":0,"51":0,"52":1},"b":{"1":[5,53],"2":[5,48],"3":[3,2],"4":[2,1],"5":[8,40],"6":[5,3],"7":[8,8],"8":[2,6],"9":[3,37],"10":[2,1],"11":[4,33],"12":[2,2],"13":[4,2],"14":[1,1],"15":[1,0],"16":[0,0],"17":[0,0]},"f":{"1":1,"2":2},"fnMap":{"1":{"name":"(anonymous_1)","line":3,"loc":{"start":{"line":3,"column":17},"end":{"line":3,"column":33}}},"2":{"name":"(anonymous_2)","line":77,"loc":{"start":{"line":77,"column":31},"end":{"line":77,"column":45}}}},"statementMap":{"1":{"start":{"line":1,"column":0},"end":{"line":1,"column":29}},"2":{"start":{"line":3,"column":0},"end":{"line":92,"column":1}},"3":{"start":{"line":4,"column":2},"end":{"line":4,"column":43}},"4":{"start":{"line":6,"column":2},"end":{"line":6,"column":20}},"5":{"start":{"line":7,"column":2},"end":{"line":16,"column":4}},"6":{"start":{"line":17,"column":2},"end":{"line":17,"column":22}},"7":{"start":{"line":18,"column":2},"end":{"line":75,"column":3}},"8":{"start":{"line":19,"column":4},"end":{"line":19,"column":32}},"9":{"start":{"line":20,"column":4},"end":{"line":73,"column":5}},"10":{"start":{"line":21,"column":6},"end":{"line":21,"column":25}},"11":{"start":{"line":22,"column":6},"end":{"line":22,"column":33}},"12":{"start":{"line":23,"column":6},"end":{"line":23,"column":27}},"13":{"start":{"line":24,"column":6},"end":{"line":24,"column":42}},"14":{"start":{"line":25,"column":6},"end":{"line":25,"column":30}},"15":{"start":{"line":26,"column":6},"end":{"line":26,"column":29}},"16":{"start":{"line":27,"column":6},"end":{"line":27,"column":31}},"17":{"start":{"line":28,"column":11},"end":{"line":73,"column":5}},"18":{"start":{"line":29,"column":6},"end":{"line":29,"column":26}},"19":{"start":{"line":30,"column":6},"end":{"line":50,"column":7}},"20":{"start":{"line":31,"column":8},"end":{"line":44,"column":9}},"21":{"start":{"line":32,"column":10},"end":{"line":32,"column":38}},"22":{"start":{"line":33,"column":10},"end":{"line":37,"column":13}},"23":{"start":{"line":39,"column":10},"end":{"line":43,"column":13}},"24":{"start":{"line":46,"column":8},"end":{"line":49,"column":11}},"25":{"start":{"line":51,"column":11},"end":{"line":73,"column":5}},"26":{"start":{"line":52,"column":6},"end":{"line":52,"column":31}},"27":{"start":{"line":53,"column":6},"end":{"line":55,"column":7}},"28":{"start":{"line":54,"column":8},"end":{"line":54,"column":34}},"29":{"start":{"line":56,"column":6},"end":{"line":59,"column":7}},"30":{"start":{"line":57,"column":8},"end":{"line":57,"column":41}},"31":{"start":{"line":58,"column":8},"end":{"line":58,"column":33}},"32":{"start":{"line":60,"column":11},"end":{"line":73,"column":5}},"33":{"start":{"line":61,"column":6},"end":{"line":63,"column":7}},"34":{"start":{"line":62,"column":8},"end":{"line":62,"column":30}},"35":{"start":{"line":64,"column":6},"end":{"line":64,"column":32}},"36":{"start":{"line":65,"column":11},"end":{"line":73,"column":5}},"37":{"start":{"line":66,"column":6},"end":{"line":70,"column":7}},"38":{"start":{"line":67,"column":8},"end":{"line":67,"column":32}},"39":{"start":{"line":69,"column":8},"end":{"line":69,"column":33}},"40":{"start":{"line":72,"column":6},"end":{"line":72,"column":31}},"41":{"start":{"line":74,"column":4},"end":{"line":74,"column":26}},"42":{"start":{"line":77,"column":2},"end":{"line":89,"column":4}},"43":{"start":{"line":78,"column":4},"end":{"line":88,"column":5}},"44":{"start":{"line":79,"column":6},"end":{"line":79,"column":16}},"45":{"start":{"line":80,"column":11},"end":{"line":88,"column":5}},"46":{"start":{"line":81,"column":6},"end":{"line":81,"column":15}},"47":{"start":{"line":82,"column":11},"end":{"line":88,"column":5}},"48":{"start":{"line":83,"column":6},"end":{"line":83,"column":16}},"49":{"start":{"line":84,"column":11},"end":{"line":88,"column":5}},"50":{"start":{"line":85,"column":6},"end":{"line":85,"column":15}},"51":{"start":{"line":87,"column":6},"end":{"line":87,"column":15}},"52":{"start":{"line":91,"column":2},"end":{"line":91,"column":20}}},"branchMap":{"1":{"line":20,"type":"if","locations":[{"start":{"line":20,"column":4},"end":{"line":20,"column":4}},{"start":{"line":20,"column":4},"end":{"line":20,"column":4}}]},"2":{"line":28,"type":"if","locations":[{"start":{"line":28,"column":11},"end":{"line":28,"column":11}},{"start":{"line":28,"column":11},"end":{"line":28,"column":11}}]},"3":{"line":30,"type":"if","locations":[{"start":{"line":30,"column":6},"end":{"line":30,"column":6}},{"start":{"line":30,"column":6},"end":{"line":30,"column":6}}]},"4":{"line":31,"type":"if","locations":[{"start":{"line":31,"column":8},"end":{"line":31,"column":8}},{"start":{"line":31,"column":8},"end":{"line":31,"column":8}}]},"5":{"line":51,"type":"if","locations":[{"start":{"line":51,"column":11},"end":{"line":51,"column":11}},{"start":{"line":51,"column":11},"end":{"line":51,"column":11}}]},"6":{"line":53,"type":"if","locations":[{"start":{"line":53,"column":6},"end":{"line":53,"column":6}},{"start":{"line":53,"column":6},"end":{"line":53,"column":6}}]},"7":{"line":53,"type":"binary-expr","locations":[{"start":{"line":53,"column":9},"end":{"line":53,"column":20}},{"start":{"line":53,"column":24},"end":{"line":53,"column":46}}]},"8":{"line":56,"type":"if","locations":[{"start":{"line":56,"column":6},"end":{"line":56,"column":6}},{"start":{"line":56,"column":6},"end":{"line":56,"column":6}}]},"9":{"line":60,"type":"if","locations":[{"start":{"line":60,"column":11},"end":{"line":60,"column":11}},{"start":{"line":60,"column":11},"end":{"line":60,"column":11}}]},"10":{"line":61,"type":"if","locations":[{"start":{"line":61,"column":6},"end":{"line":61,"column":6}},{"start":{"line":61,"column":6},"end":{"line":61,"column":6}}]},"11":{"line":65,"type":"if","locations":[{"start":{"line":65,"column":11},"end":{"line":65,"column":11}},{"start":{"line":65,"column":11},"end":{"line":65,"column":11}}]},"12":{"line":66,"type":"if","locations":[{"start":{"line":66,"column":6},"end":{"line":66,"column":6}},{"start":{"line":66,"column":6},"end":{"line":66,"column":6}}]},"13":{"line":66,"type":"binary-expr","locations":[{"start":{"line":66,"column":9},"end":{"line":66,"column":20}},{"start":{"line":66,"column":24},"end":{"line":66,"column":64}}]},"14":{"line":78,"type":"if","locations":[{"start":{"line":78,"column":4},"end":{"line":78,"column":4}},{"start":{"line":78,"column":4},"end":{"line":78,"column":4}}]},"15":{"line":80,"type":"if","locations":[{"start":{"line":80,"column":11},"end":{"line":80,"column":11}},{"start":{"line":80,"column":11},"end":{"line":80,"column":11}}]},"16":{"line":82,"type":"if","locations":[{"start":{"line":82,"column":11},"end":{"line":82,"column":11}},{"start":{"line":82,"column":11},"end":{"line":82,"column":11}}]},"17":{"line":84,"type":"if","locations":[{"start":{"line":84,"column":11},"end":{"line":84,"column":11}},{"start":{"line":84,"column":11},"end":{"line":84,"column":11}}]}}}}