TN:
SF:/Users/jherri1/tmp/component-scan/src/scanner.js
FN:3,(anonymous_1)
FN:77,(anonymous_2)
FNF:2
FNH:2
FNDA:1,(anonymous_1)
FNDA:2,(anonymous_2)
DA:1,1
DA:3,1
DA:4,1
DA:6,1
DA:7,1
DA:17,1
DA:18,1
DA:19,58
DA:20,58
DA:21,5
DA:22,5
DA:23,5
DA:24,5
DA:25,5
DA:26,5
DA:27,5
DA:28,53
DA:29,5
DA:30,5
DA:31,3
DA:32,2
DA:33,2
DA:39,1
DA:46,2
DA:51,48
DA:52,8
DA:53,8
DA:54,5
DA:56,8
DA:57,2
DA:58,2
DA:60,40
DA:61,3
DA:62,2
DA:64,3
DA:65,37
DA:66,4
DA:67,2
DA:69,2
DA:72,33
DA:74,58
DA:77,1
DA:78,2
DA:79,1
DA:80,1
DA:81,1
DA:82,0
DA:83,0
DA:84,0
DA:85,0
DA:87,0
DA:91,1
LF:52
LH:47
BRDA:20,1,0,5
BRDA:20,1,1,53
BRDA:28,2,0,5
BRDA:28,2,1,48
BRDA:30,3,0,3
BRDA:30,3,1,2
BRDA:31,4,0,2
BRDA:31,4,1,1
BRDA:51,5,0,8
BRDA:51,5,1,40
BRDA:53,6,0,5
BRDA:53,6,1,3
BRDA:53,7,0,8
BRDA:53,7,1,8
BRDA:56,8,0,2
BRDA:56,8,1,6
BRDA:60,9,0,3
BRDA:60,9,1,37
BRDA:61,10,0,2
BRDA:61,10,1,1
BRDA:65,11,0,4
BRDA:65,11,1,33
BRDA:66,12,0,2
BRDA:66,12,1,2
BRDA:66,13,0,4
BRDA:66,13,1,2
BRDA:78,14,0,1
BRDA:78,14,1,1
BRDA:80,15,0,1
BRDA:80,15,1,0
BRDA:82,16,0,0
BRDA:82,16,1,0
BRDA:84,17,0,0
BRDA:84,17,1,0
BRF:34
BRH:29
end_of_record
